2024-02-19-00:56:07.061 [restartedMain] INFO  304 com.didan.social.SocialApplication : Starting SocialApplication using Java 21.0.1 with PID 304 (D:\messi\Documents\CODE\social\target\classes started by messi in D:\messi\Documents\CODE\social)
2024-02-19-00:56:07.064 [restartedMain] INFO  304 com.didan.social.SocialApplication : No active profile set, falling back to 1 default profile: "default"
2024-02-19-00:56:07.114 [restartedMain] INFO  304 o.s.b.d.e.DevToolsPropertyDefaultsPostProcessor : Devtools property defaults active! Set 'spring.devtools.add-properties' to 'false' to disable
2024-02-19-00:56:07.114 [restartedMain] INFO  304 o.s.b.d.e.DevToolsPropertyDefaultsPostProcessor : For additional web related logging consider setting the 'logging.level.web' property to 'DEBUG'
2024-02-19-00:56:07.814 [restartedMain] INFO  304 o.s.d.r.c.RepositoryConfigurationDelegate : Multiple Spring Data modules found, entering strict repository configuration mode
2024-02-19-00:56:07.814 [restartedMain] INFO  304 o.s.d.r.c.RepositoryConfigurationDelegate : Bootstrapping Spring Data JPA repositories in DEFAULT mode.
2024-02-19-00:56:07.986 [restartedMain] INFO  304 o.s.d.r.c.RepositoryConfigurationDelegate : Finished Spring Data repository scanning in 155 ms. Found 12 JPA repository interfaces.
2024-02-19-00:56:08.002 [restartedMain] INFO  304 o.s.d.r.c.RepositoryConfigurationDelegate : Multiple Spring Data modules found, entering strict repository configuration mode
2024-02-19-00:56:08.002 [restartedMain] INFO  304 o.s.d.r.c.RepositoryConfigurationDelegate : Bootstrapping Spring Data Redis repositories in DEFAULT mode.
2024-02-19-00:56:08.017 [restartedMain] INFO  304 o.s.d.r.c.RepositoryConfigurationExtensionSupport : Spring Data Redis - Could not safely identify store assignment for repository candidate interface com.didan.social.repository.BlacklistRepository; If you want this repository to be a Redis repository, consider annotating your entities with one of these annotations: org.springframework.data.redis.core.RedisHash (preferred), or consider extending one of the following types with your repository: org.springframework.data.keyvalue.repository.KeyValueRepository
2024-02-19-00:56:08.017 [restartedMain] INFO  304 o.s.d.r.c.RepositoryConfigurationExtensionSupport : Spring Data Redis - Could not safely identify store assignment for repository candidate interface com.didan.social.repository.CommentLikeRepository; If you want this repository to be a Redis repository, consider annotating your entities with one of these annotations: org.springframework.data.redis.core.RedisHash (preferred), or consider extending one of the following types with your repository: org.springframework.data.keyvalue.repository.KeyValueRepository
2024-02-19-00:56:08.017 [restartedMain] INFO  304 o.s.d.r.c.RepositoryConfigurationExtensionSupport : Spring Data Redis - Could not safely identify store assignment for repository candidate interface com.didan.social.repository.CommentRepository; If you want this repository to be a Redis repository, consider annotating your entities with one of these annotations: org.springframework.data.redis.core.RedisHash (preferred), or consider extending one of the following types with your repository: org.springframework.data.keyvalue.repository.KeyValueRepository
2024-02-19-00:56:08.017 [restartedMain] INFO  304 o.s.d.r.c.RepositoryConfigurationExtensionSupport : Spring Data Redis - Could not safely identify store assignment for repository candidate interface com.didan.social.repository.ConversationRepository; If you want this repository to be a Redis repository, consider annotating your entities with one of these annotations: org.springframework.data.redis.core.RedisHash (preferred), or consider extending one of the following types with your repository: org.springframework.data.keyvalue.repository.KeyValueRepository
2024-02-19-00:56:08.017 [restartedMain] INFO  304 o.s.d.r.c.RepositoryConfigurationExtensionSupport : Spring Data Redis - Could not safely identify store assignment for repository candidate interface com.didan.social.repository.FollowRepository; If you want this repository to be a Redis repository, consider annotating your entities with one of these annotations: org.springframework.data.redis.core.RedisHash (preferred), or consider extending one of the following types with your repository: org.springframework.data.keyvalue.repository.KeyValueRepository
2024-02-19-00:56:08.017 [restartedMain] INFO  304 o.s.d.r.c.RepositoryConfigurationExtensionSupport : Spring Data Redis - Could not safely identify store assignment for repository candidate interface com.didan.social.repository.MessageRepository; If you want this repository to be a Redis repository, consider annotating your entities with one of these annotations: org.springframework.data.redis.core.RedisHash (preferred), or consider extending one of the following types with your repository: org.springframework.data.keyvalue.repository.KeyValueRepository
2024-02-19-00:56:08.017 [restartedMain] INFO  304 o.s.d.r.c.RepositoryConfigurationExtensionSupport : Spring Data Redis - Could not safely identify store assignment for repository candidate interface com.didan.social.repository.ParticipantRepository; If you want this repository to be a Redis repository, consider annotating your entities with one of these annotations: org.springframework.data.redis.core.RedisHash (preferred), or consider extending one of the following types with your repository: org.springframework.data.keyvalue.repository.KeyValueRepository
2024-02-19-00:56:08.017 [restartedMain] INFO  304 o.s.d.r.c.RepositoryConfigurationExtensionSupport : Spring Data Redis - Could not safely identify store assignment for repository candidate interface com.didan.social.repository.PostLikeRepository; If you want this repository to be a Redis repository, consider annotating your entities with one of these annotations: org.springframework.data.redis.core.RedisHash (preferred), or consider extending one of the following types with your repository: org.springframework.data.keyvalue.repository.KeyValueRepository
2024-02-19-00:56:08.017 [restartedMain] INFO  304 o.s.d.r.c.RepositoryConfigurationExtensionSupport : Spring Data Redis - Could not safely identify store assignment for repository candidate interface com.didan.social.repository.PostRepository; If you want this repository to be a Redis repository, consider annotating your entities with one of these annotations: org.springframework.data.redis.core.RedisHash (preferred), or consider extending one of the following types with your repository: org.springframework.data.keyvalue.repository.KeyValueRepository
2024-02-19-00:56:08.017 [restartedMain] INFO  304 o.s.d.r.c.RepositoryConfigurationExtensionSupport : Spring Data Redis - Could not safely identify store assignment for repository candidate interface com.didan.social.repository.UserCommentRepository; If you want this repository to be a Redis repository, consider annotating your entities with one of these annotations: org.springframework.data.redis.core.RedisHash (preferred), or consider extending one of the following types with your repository: org.springframework.data.keyvalue.repository.KeyValueRepository
2024-02-19-00:56:08.017 [restartedMain] INFO  304 o.s.d.r.c.RepositoryConfigurationExtensionSupport : Spring Data Redis - Could not safely identify store assignment for repository candidate interface com.didan.social.repository.UserPostRepository; If you want this repository to be a Redis repository, consider annotating your entities with one of these annotations: org.springframework.data.redis.core.RedisHash (preferred), or consider extending one of the following types with your repository: org.springframework.data.keyvalue.repository.KeyValueRepository
2024-02-19-00:56:08.017 [restartedMain] INFO  304 o.s.d.r.c.RepositoryConfigurationExtensionSupport : Spring Data Redis - Could not safely identify store assignment for repository candidate interface com.didan.social.repository.UserRepository; If you want this repository to be a Redis repository, consider annotating your entities with one of these annotations: org.springframework.data.redis.core.RedisHash (preferred), or consider extending one of the following types with your repository: org.springframework.data.keyvalue.repository.KeyValueRepository
2024-02-19-00:56:08.017 [restartedMain] INFO  304 o.s.d.r.c.RepositoryConfigurationDelegate : Finished Spring Data repository scanning in 9 ms. Found 0 Redis repository interfaces.
2024-02-19-00:56:08.674 [restartedMain] INFO  304 o.s.b.w.e.tomcat.TomcatWebServer : Tomcat initialized with port(s): 8081 (http)
2024-02-19-00:56:08.674 [restartedMain] INFO  304 o.a.coyote.http11.Http11NioProtocol : Initializing ProtocolHandler ["http-nio-8081"]
2024-02-19-00:56:08.674 [restartedMain] INFO  304 o.a.catalina.core.StandardService : Starting service [Tomcat]
2024-02-19-00:56:08.674 [restartedMain] INFO  304 o.a.catalina.core.StandardEngine : Starting Servlet engine: [Apache Tomcat/10.1.17]
2024-02-19-00:56:08.736 [restartedMain] INFO  304 o.a.c.c.C.[Tomcat].[localhost].[/] : Initializing Spring embedded WebApplicationContext
2024-02-19-00:56:08.736 [restartedMain] INFO  304 o.s.b.w.s.c.ServletWebServerApplicationContext : Root WebApplicationContext: initialization completed in 1613 ms
2024-02-19-00:56:08.846 [restartedMain] INFO  304 o.h.jpa.internal.util.LogHelper : HHH000204: Processing PersistenceUnitInfo [name: default]
2024-02-19-00:56:08.893 [restartedMain] INFO  304 org.hibernate.Version : HHH000412: Hibernate ORM core version 6.2.17.Final
2024-02-19-00:56:08.893 [restartedMain] INFO  304 org.hibernate.cfg.Environment : HHH000406: Using bytecode reflection optimizer
2024-02-19-00:56:09.096 [restartedMain] INFO  304 o.s.o.j.p.SpringPersistenceUnitInfo : No LoadTimeWeaver setup: ignoring JPA class transformer
2024-02-19-00:56:09.111 [restartedMain] INFO  304 com.zaxxer.hikari.HikariDataSource : HikariPool-1 - Starting...
2024-02-19-00:56:10.018 [restartedMain] INFO  304 com.zaxxer.hikari.pool.HikariPool : HikariPool-1 - Added connection com.mysql.cj.jdbc.ConnectionImpl@26f64c90
2024-02-19-00:56:10.018 [restartedMain] INFO  304 com.zaxxer.hikari.HikariDataSource : HikariPool-1 - Start completed.
2024-02-19-00:56:10.111 [restartedMain] WARN  304 org.hibernate.orm.deprecation : HHH90000025: MySQL8Dialect does not need to be specified explicitly using 'hibernate.dialect' (remove the property setting and it will be selected by default)
2024-02-19-00:56:10.111 [restartedMain] WARN  304 org.hibernate.orm.deprecation : HHH90000026: MySQL8Dialect has been deprecated; use org.hibernate.dialect.MySQLDialect instead
2024-02-19-00:56:10.377 [restartedMain] WARN  304 org.hibernate.mapping.RootClass : HHH000038: Composite-id class does not override equals(): com.didan.social.entity.keys.UserCommentId
2024-02-19-00:56:10.377 [restartedMain] WARN  304 org.hibernate.mapping.RootClass : HHH000039: Composite-id class does not override hashCode(): com.didan.social.entity.keys.UserCommentId
2024-02-19-00:56:10.377 [restartedMain] WARN  304 org.hibernate.mapping.RootClass : HHH000038: Composite-id class does not override equals(): com.didan.social.entity.keys.ParticipantId
2024-02-19-00:56:10.377 [restartedMain] WARN  304 org.hibernate.mapping.RootClass : HHH000039: Composite-id class does not override hashCode(): com.didan.social.entity.keys.ParticipantId
2024-02-19-00:56:10.377 [restartedMain] WARN  304 org.hibernate.mapping.RootClass : HHH000038: Composite-id class does not override equals(): com.didan.social.entity.keys.UserPostId
2024-02-19-00:56:10.377 [restartedMain] WARN  304 org.hibernate.mapping.RootClass : HHH000039: Composite-id class does not override hashCode(): com.didan.social.entity.keys.UserPostId
2024-02-19-00:56:10.377 [restartedMain] WARN  304 org.hibernate.mapping.RootClass : HHH000038: Composite-id class does not override equals(): com.didan.social.entity.keys.FollowerId
2024-02-19-00:56:10.377 [restartedMain] WARN  304 org.hibernate.mapping.RootClass : HHH000039: Composite-id class does not override hashCode(): com.didan.social.entity.keys.FollowerId
2024-02-19-00:56:10.377 [restartedMain] WARN  304 org.hibernate.mapping.RootClass : HHH000038: Composite-id class does not override equals(): com.didan.social.entity.keys.PostLikeId
2024-02-19-00:56:10.377 [restartedMain] WARN  304 org.hibernate.mapping.RootClass : HHH000039: Composite-id class does not override hashCode(): com.didan.social.entity.keys.PostLikeId
2024-02-19-00:56:10.377 [restartedMain] WARN  304 org.hibernate.mapping.RootClass : HHH000038: Composite-id class does not override equals(): com.didan.social.entity.keys.CommentLikeId
2024-02-19-00:56:10.377 [restartedMain] WARN  304 org.hibernate.mapping.RootClass : HHH000039: Composite-id class does not override hashCode(): com.didan.social.entity.keys.CommentLikeId
2024-02-19-00:56:10.964 [restartedMain] INFO  304 o.h.e.t.j.p.i.JtaPlatformInitiator : HHH000489: No JTA platform available (set 'hibernate.transaction.jta.platform' to enable JTA platform integration)
2024-02-19-00:56:13.377 [restartedMain] INFO  304 o.s.o.j.LocalContainerEntityManagerFactoryBean : Initialized JPA EntityManagerFactory for persistence unit 'default'
2024-02-19-00:56:14.029 [restartedMain] WARN  304 o.s.b.a.o.j.JpaBaseConfiguration$JpaWebConfiguration : spring.jpa.open-in-view is enabled by default. Therefore, database queries may be performed during view rendering. Explicitly configure spring.jpa.open-in-view to disable this warning
2024-02-19-00:56:14.279 [restartedMain] INFO  304 o.s.s.web.DefaultSecurityFilterChain : Will secure any request with [org.springframework.security.web.session.DisableEncodeUrlFilter@3403b7be, org.springframework.security.web.context.request.async.WebAsyncManagerIntegrationFilter@431dcd67, org.springframework.security.web.context.SecurityContextHolderFilter@f4ef46a, org.springframework.security.web.header.HeaderWriterFilter@5d1707e1, org.springframework.web.filter.CorsFilter@67c1ca97, org.springframework.security.web.authentication.logout.LogoutFilter@13cad1a0, com.didan.social.security.JwtAuthenticationFilter@1aba7dc4, org.springframework.security.web.savedrequest.RequestCacheAwareFilter@569e59d8, org.springframework.security.web.servletapi.SecurityContextHolderAwareRequestFilter@6a8e588b, org.springframework.security.web.authentication.AnonymousAuthenticationFilter@5732ba90, org.springframework.security.web.session.SessionManagementFilter@307b0166, org.springframework.security.web.access.ExceptionTranslationFilter@2a437b6e, org.springframework.security.web.access.intercept.AuthorizationFilter@4cc765dc]
2024-02-19-00:56:14.712 [restartedMain] INFO  304 o.s.b.d.a.OptionalLiveReloadServer : LiveReload server is running on port 35729
2024-02-19-00:56:14.728 [restartedMain] INFO  304 o.a.coyote.http11.Http11NioProtocol : Starting ProtocolHandler ["http-nio-8081"]
2024-02-19-00:56:14.746 [restartedMain] INFO  304 o.s.b.w.e.tomcat.TomcatWebServer : Tomcat started on port(s): 8081 (http) with context path ''
2024-02-19-00:56:14.746 [restartedMain] INFO  304 com.didan.social.SocialApplication : Started SocialApplication in 8.117 seconds (process running for 8.512)
2024-02-19-00:56:14.761 [restartedMain] INFO  304 c.c.socketio.SocketIOServer : Session store / pubsub factory used: MemoryStoreFactory (local session store only)
2024-02-19-00:56:14.871 [nioEventLoopGroup-4-1] INFO  304 c.c.socketio.SocketIOServer : SocketIO server started at port: 8082
2024-02-19-00:56:14.871 [restartedMain] INFO  304 com.didan.social.SocialApplication : Server is running
